<?xml version="1.0" encoding="UTF-8"?>
<!-- Generated by org.testng.reporters.JUnitReportReporter -->
<testsuite name="testcases.app.trendnext.trendnext_testcases" tests="32" time="1071.098" ignored="240" failures="0" timestamp="16 Sep 2017 13:58:34 GMT" skipped="0" hostname="D-113068706" errors="0">
  <testcase name="Auto_TC_006" time="58.758" classname="testcases.app.trendnext.trendnext_testcases"/>
  <testcase name="Auto_TC_010" time="68.632" classname="testcases.app.trendnext.trendnext_testcases"/>
  <testcase name="Auto_TC_011" time="51.582" classname="testcases.app.trendnext.trendnext_testcases"/>
  <testcase name="Auto_TC_014" time="24.128" classname="testcases.app.trendnext.trendnext_testcases"/>
  <testcase name="Auto_TC_009" time="42.854" classname="testcases.app.trendnext.trendnext_testcases"/>
  <testcase name="Auto_TC_012" time="12.058" classname="testcases.app.trendnext.trendnext_testcases"/>
  <testcase name="Auto_TC_004" time="26.202" classname="testcases.app.trendnext.trendnext_testcases"/>
  <testcase name="Auto_TC_005" time="20.130" classname="testcases.app.trendnext.trendnext_testcases"/>
  <testcase name="Auto_TC_017" time="18.104" classname="testcases.app.trendnext.trendnext_testcases"/>
  <testcase name="Auto_TC_007" time="31.011" classname="testcases.app.trendnext.trendnext_testcases"/>
  <testcase name="Auto_TC_011" time="44.220" classname="testcases.app.trendnext.trendnext_testcases"/>
  <testcase name="Auto_TC_017" time="13.970" classname="testcases.app.trendnext.trendnext_testcases"/>
  <testcase name="Auto_TC_001" time="12.786" classname="testcases.app.trendnext.trendnext_testcases"/>
  <testcase name="Auto_TC_016" time="24.672" classname="testcases.app.trendnext.trendnext_testcases"/>
  <testcase name="Auto_TC_003" time="47.937" classname="testcases.app.trendnext.trendnext_testcases"/>
  <testcase name="Auto_TC_001" time="12.401" classname="testcases.app.trendnext.trendnext_testcases"/>
  <testcase name="Auto_TC_012" time="17.205" classname="testcases.app.trendnext.trendnext_testcases"/>
  <testcase name="Auto_TC_009" time="42.963" classname="testcases.app.trendnext.trendnext_testcases"/>
  <testcase name="Auto_TC_001" time="22.287" classname="testcases.app.trendnext.trendnext_testcases"/>
  <testcase name="Auto_TC_013" time="15.554" classname="testcases.app.trendnext.trendnext_testcases"/>
  <testcase name="Auto_TC_010" time="64.142" classname="testcases.app.trendnext.trendnext_testcases"/>
  <testcase name="Auto_TC_012" time="11.533" classname="testcases.app.trendnext.trendnext_testcases"/>
  <testcase name="Auto_TC_004" time="26.595" classname="testcases.app.trendnext.trendnext_testcases"/>
  <testcase name="Auto_TC_003" time="73.277" classname="testcases.app.trendnext.trendnext_testcases"/>
  <testcase name="Auto_TC_002" time="29.184" classname="testcases.app.trendnext.trendnext_testcases"/>
  <testcase name="Auto_TC_013" time="39.604" classname="testcases.app.trendnext.trendnext_testcases"/>
  <testcase name="Auto_TC_017" time="55.364" classname="testcases.app.trendnext.trendnext_testcases"/>
  <testcase name="Auto_TC_002" time="49.858" classname="testcases.app.trendnext.trendnext_testcases"/>
  <testcase name="Auto_TC_016" time="52.931" classname="testcases.app.trendnext.trendnext_testcases"/>
  <testcase name="Auto_TC_013" time="12.203" classname="testcases.app.trendnext.trendnext_testcases"/>
  <testcase name="Auto_TC_005" time="14.005" classname="testcases.app.trendnext.trendnext_testcases"/>
  <testcase name="Auto_TC_008" time="34.948" classname="testcases.app.trendnext.trendnext_testcases"/>
  <testcase name="Auto_TC_014" classname="testcases.app.trendnext.trendnext_testcases">
    <skipped/>
  </testcase> <!-- Auto_TC_014 -->
  <testcase name="Auto_TC_014" classname="testcases.app.trendnext.trendnext_testcases">
    <skipped/>
  </testcase> <!-- Auto_TC_014 -->
  <testcase name="Auto_TC_014" classname="testcases.app.trendnext.trendnext_testcases">
    <skipped/>
  </testcase> <!-- Auto_TC_014 -->
  <testcase name="Auto_TC_014" classname="testcases.app.trendnext.trendnext_testcases">
    <skipped/>
  </testcase> <!-- Auto_TC_014 -->
  <testcase name="Auto_TC_014" classname="testcases.app.trendnext.trendnext_testcases">
    <skipped/>
  </testcase> <!-- Auto_TC_014 -->
  <testcase name="Auto_TC_014" classname="testcases.app.trendnext.trendnext_testcases">
    <skipped/>
  </testcase> <!-- Auto_TC_014 -->
  <testcase name="Auto_TC_014" classname="testcases.app.trendnext.trendnext_testcases">
    <skipped/>
  </testcase> <!-- Auto_TC_014 -->
  <testcase name="Auto_TC_014" classname="testcases.app.trendnext.trendnext_testcases">
    <skipped/>
  </testcase> <!-- Auto_TC_014 -->
  <testcase name="Auto_TC_014" classname="testcases.app.trendnext.trendnext_testcases">
    <skipped/>
  </testcase> <!-- Auto_TC_014 -->
  <testcase name="Auto_TC_014" classname="testcases.app.trendnext.trendnext_testcases">
    <skipped/>
  </testcase> <!-- Auto_TC_014 -->
  <testcase name="Auto_TC_014" classname="testcases.app.trendnext.trendnext_testcases">
    <skipped/>
  </testcase> <!-- Auto_TC_014 -->
  <testcase name="Auto_TC_014" classname="testcases.app.trendnext.trendnext_testcases">
    <skipped/>
  </testcase> <!-- Auto_TC_014 -->
  <testcase name="Auto_TC_014" classname="testcases.app.trendnext.trendnext_testcases">
    <skipped/>
  </testcase> <!-- Auto_TC_014 -->
  <testcase name="Auto_TC_014" classname="testcases.app.trendnext.trendnext_testcases">
    <skipped/>
  </testcase> <!-- Auto_TC_014 -->
  <testcase name="Auto_TC_014" classname="testcases.app.trendnext.trendnext_testcases">
    <skipped/>
  </testcase> <!-- Auto_TC_014 -->
  <testcase name="Auto_TC_011" classname="testcases.app.trendnext.trendnext_testcases">
    <skipped/>
  </testcase> <!-- Auto_TC_011 -->
  <testcase name="Auto_TC_011" classname="testcases.app.trendnext.trendnext_testcases">
    <skipped/>
  </testcase> <!-- Auto_TC_011 -->
  <testcase name="Auto_TC_011" classname="testcases.app.trendnext.trendnext_testcases">
    <skipped/>
  </testcase> <!-- Auto_TC_011 -->
  <testcase name="Auto_TC_011" classname="testcases.app.trendnext.trendnext_testcases">
    <skipped/>
  </testcase> <!-- Auto_TC_011 -->
  <testcase name="Auto_TC_011" classname="testcases.app.trendnext.trendnext_testcases">
    <skipped/>
  </testcase> <!-- Auto_TC_011 -->
  <testcase name="Auto_TC_011" classname="testcases.app.trendnext.trendnext_testcases">
    <skipped/>
  </testcase> <!-- Auto_TC_011 -->
  <testcase name="Auto_TC_011" classname="testcases.app.trendnext.trendnext_testcases">
    <skipped/>
  </testcase> <!-- Auto_TC_011 -->
  <testcase name="Auto_TC_011" classname="testcases.app.trendnext.trendnext_testcases">
    <skipped/>
  </testcase> <!-- Auto_TC_011 -->
  <testcase name="Auto_TC_011" classname="testcases.app.trendnext.trendnext_testcases">
    <skipped/>
  </testcase> <!-- Auto_TC_011 -->
  <testcase name="Auto_TC_011" classname="testcases.app.trendnext.trendnext_testcases">
    <skipped/>
  </testcase> <!-- Auto_TC_011 -->
  <testcase name="Auto_TC_011" classname="testcases.app.trendnext.trendnext_testcases">
    <skipped/>
  </testcase> <!-- Auto_TC_011 -->
  <testcase name="Auto_TC_011" classname="testcases.app.trendnext.trendnext_testcases">
    <skipped/>
  </testcase> <!-- Auto_TC_011 -->
  <testcase name="Auto_TC_011" classname="testcases.app.trendnext.trendnext_testcases">
    <skipped/>
  </testcase> <!-- Auto_TC_011 -->
  <testcase name="Auto_TC_011" classname="testcases.app.trendnext.trendnext_testcases">
    <skipped/>
  </testcase> <!-- Auto_TC_011 -->
  <testcase name="Auto_TC_011" classname="testcases.app.trendnext.trendnext_testcases">
    <skipped/>
  </testcase> <!-- Auto_TC_011 -->
  <testcase name="Auto_TC_013" classname="testcases.app.trendnext.trendnext_testcases">
    <skipped/>
  </testcase> <!-- Auto_TC_013 -->
  <testcase name="Auto_TC_013" classname="testcases.app.trendnext.trendnext_testcases">
    <skipped/>
  </testcase> <!-- Auto_TC_013 -->
  <testcase name="Auto_TC_013" classname="testcases.app.trendnext.trendnext_testcases">
    <skipped/>
  </testcase> <!-- Auto_TC_013 -->
  <testcase name="Auto_TC_013" classname="testcases.app.trendnext.trendnext_testcases">
    <skipped/>
  </testcase> <!-- Auto_TC_013 -->
  <testcase name="Auto_TC_013" classname="testcases.app.trendnext.trendnext_testcases">
    <skipped/>
  </testcase> <!-- Auto_TC_013 -->
  <testcase name="Auto_TC_013" classname="testcases.app.trendnext.trendnext_testcases">
    <skipped/>
  </testcase> <!-- Auto_TC_013 -->
  <testcase name="Auto_TC_013" classname="testcases.app.trendnext.trendnext_testcases">
    <skipped/>
  </testcase> <!-- Auto_TC_013 -->
  <testcase name="Auto_TC_013" classname="testcases.app.trendnext.trendnext_testcases">
    <skipped/>
  </testcase> <!-- Auto_TC_013 -->
  <testcase name="Auto_TC_013" classname="testcases.app.trendnext.trendnext_testcases">
    <skipped/>
  </testcase> <!-- Auto_TC_013 -->
  <testcase name="Auto_TC_013" classname="testcases.app.trendnext.trendnext_testcases">
    <skipped/>
  </testcase> <!-- Auto_TC_013 -->
  <testcase name="Auto_TC_013" classname="testcases.app.trendnext.trendnext_testcases">
    <skipped/>
  </testcase> <!-- Auto_TC_013 -->
  <testcase name="Auto_TC_013" classname="testcases.app.trendnext.trendnext_testcases">
    <skipped/>
  </testcase> <!-- Auto_TC_013 -->
  <testcase name="Auto_TC_013" classname="testcases.app.trendnext.trendnext_testcases">
    <skipped/>
  </testcase> <!-- Auto_TC_013 -->
  <testcase name="Auto_TC_013" classname="testcases.app.trendnext.trendnext_testcases">
    <skipped/>
  </testcase> <!-- Auto_TC_013 -->
  <testcase name="Auto_TC_013" classname="testcases.app.trendnext.trendnext_testcases">
    <skipped/>
  </testcase> <!-- Auto_TC_013 -->
  <testcase name="Auto_TC_012" classname="testcases.app.trendnext.trendnext_testcases">
    <skipped/>
  </testcase> <!-- Auto_TC_012 -->
  <testcase name="Auto_TC_012" classname="testcases.app.trendnext.trendnext_testcases">
    <skipped/>
  </testcase> <!-- Auto_TC_012 -->
  <testcase name="Auto_TC_012" classname="testcases.app.trendnext.trendnext_testcases">
    <skipped/>
  </testcase> <!-- Auto_TC_012 -->
  <testcase name="Auto_TC_012" classname="testcases.app.trendnext.trendnext_testcases">
    <skipped/>
  </testcase> <!-- Auto_TC_012 -->
  <testcase name="Auto_TC_012" classname="testcases.app.trendnext.trendnext_testcases">
    <skipped/>
  </testcase> <!-- Auto_TC_012 -->
  <testcase name="Auto_TC_012" classname="testcases.app.trendnext.trendnext_testcases">
    <skipped/>
  </testcase> <!-- Auto_TC_012 -->
  <testcase name="Auto_TC_012" classname="testcases.app.trendnext.trendnext_testcases">
    <skipped/>
  </testcase> <!-- Auto_TC_012 -->
  <testcase name="Auto_TC_012" classname="testcases.app.trendnext.trendnext_testcases">
    <skipped/>
  </testcase> <!-- Auto_TC_012 -->
  <testcase name="Auto_TC_012" classname="testcases.app.trendnext.trendnext_testcases">
    <skipped/>
  </testcase> <!-- Auto_TC_012 -->
  <testcase name="Auto_TC_012" classname="testcases.app.trendnext.trendnext_testcases">
    <skipped/>
  </testcase> <!-- Auto_TC_012 -->
  <testcase name="Auto_TC_012" classname="testcases.app.trendnext.trendnext_testcases">
    <skipped/>
  </testcase> <!-- Auto_TC_012 -->
  <testcase name="Auto_TC_012" classname="testcases.app.trendnext.trendnext_testcases">
    <skipped/>
  </testcase> <!-- Auto_TC_012 -->
  <testcase name="Auto_TC_012" classname="testcases.app.trendnext.trendnext_testcases">
    <skipped/>
  </testcase> <!-- Auto_TC_012 -->
  <testcase name="Auto_TC_012" classname="testcases.app.trendnext.trendnext_testcases">
    <skipped/>
  </testcase> <!-- Auto_TC_012 -->
  <testcase name="Auto_TC_012" classname="testcases.app.trendnext.trendnext_testcases">
    <skipped/>
  </testcase> <!-- Auto_TC_012 -->
  <testcase name="Auto_TC_017" classname="testcases.app.trendnext.trendnext_testcases">
    <skipped/>
  </testcase> <!-- Auto_TC_017 -->
  <testcase name="Auto_TC_017" classname="testcases.app.trendnext.trendnext_testcases">
    <skipped/>
  </testcase> <!-- Auto_TC_017 -->
  <testcase name="Auto_TC_017" classname="testcases.app.trendnext.trendnext_testcases">
    <skipped/>
  </testcase> <!-- Auto_TC_017 -->
  <testcase name="Auto_TC_017" classname="testcases.app.trendnext.trendnext_testcases">
    <skipped/>
  </testcase> <!-- Auto_TC_017 -->
  <testcase name="Auto_TC_017" classname="testcases.app.trendnext.trendnext_testcases">
    <skipped/>
  </testcase> <!-- Auto_TC_017 -->
  <testcase name="Auto_TC_017" classname="testcases.app.trendnext.trendnext_testcases">
    <skipped/>
  </testcase> <!-- Auto_TC_017 -->
  <testcase name="Auto_TC_017" classname="testcases.app.trendnext.trendnext_testcases">
    <skipped/>
  </testcase> <!-- Auto_TC_017 -->
  <testcase name="Auto_TC_017" classname="testcases.app.trendnext.trendnext_testcases">
    <skipped/>
  </testcase> <!-- Auto_TC_017 -->
  <testcase name="Auto_TC_017" classname="testcases.app.trendnext.trendnext_testcases">
    <skipped/>
  </testcase> <!-- Auto_TC_017 -->
  <testcase name="Auto_TC_017" classname="testcases.app.trendnext.trendnext_testcases">
    <skipped/>
  </testcase> <!-- Auto_TC_017 -->
  <testcase name="Auto_TC_017" classname="testcases.app.trendnext.trendnext_testcases">
    <skipped/>
  </testcase> <!-- Auto_TC_017 -->
  <testcase name="Auto_TC_017" classname="testcases.app.trendnext.trendnext_testcases">
    <skipped/>
  </testcase> <!-- Auto_TC_017 -->
  <testcase name="Auto_TC_017" classname="testcases.app.trendnext.trendnext_testcases">
    <skipped/>
  </testcase> <!-- Auto_TC_017 -->
  <testcase name="Auto_TC_017" classname="testcases.app.trendnext.trendnext_testcases">
    <skipped/>
  </testcase> <!-- Auto_TC_017 -->
  <testcase name="Auto_TC_017" classname="testcases.app.trendnext.trendnext_testcases">
    <skipped/>
  </testcase> <!-- Auto_TC_017 -->
  <testcase name="Auto_TC_016" classname="testcases.app.trendnext.trendnext_testcases">
    <skipped/>
  </testcase> <!-- Auto_TC_016 -->
  <testcase name="Auto_TC_016" classname="testcases.app.trendnext.trendnext_testcases">
    <skipped/>
  </testcase> <!-- Auto_TC_016 -->
  <testcase name="Auto_TC_016" classname="testcases.app.trendnext.trendnext_testcases">
    <skipped/>
  </testcase> <!-- Auto_TC_016 -->
  <testcase name="Auto_TC_016" classname="testcases.app.trendnext.trendnext_testcases">
    <skipped/>
  </testcase> <!-- Auto_TC_016 -->
  <testcase name="Auto_TC_016" classname="testcases.app.trendnext.trendnext_testcases">
    <skipped/>
  </testcase> <!-- Auto_TC_016 -->
  <testcase name="Auto_TC_016" classname="testcases.app.trendnext.trendnext_testcases">
    <skipped/>
  </testcase> <!-- Auto_TC_016 -->
  <testcase name="Auto_TC_016" classname="testcases.app.trendnext.trendnext_testcases">
    <skipped/>
  </testcase> <!-- Auto_TC_016 -->
  <testcase name="Auto_TC_016" classname="testcases.app.trendnext.trendnext_testcases">
    <skipped/>
  </testcase> <!-- Auto_TC_016 -->
  <testcase name="Auto_TC_016" classname="testcases.app.trendnext.trendnext_testcases">
    <skipped/>
  </testcase> <!-- Auto_TC_016 -->
  <testcase name="Auto_TC_016" classname="testcases.app.trendnext.trendnext_testcases">
    <skipped/>
  </testcase> <!-- Auto_TC_016 -->
  <testcase name="Auto_TC_016" classname="testcases.app.trendnext.trendnext_testcases">
    <skipped/>
  </testcase> <!-- Auto_TC_016 -->
  <testcase name="Auto_TC_016" classname="testcases.app.trendnext.trendnext_testcases">
    <skipped/>
  </testcase> <!-- Auto_TC_016 -->
  <testcase name="Auto_TC_016" classname="testcases.app.trendnext.trendnext_testcases">
    <skipped/>
  </testcase> <!-- Auto_TC_016 -->
  <testcase name="Auto_TC_016" classname="testcases.app.trendnext.trendnext_testcases">
    <skipped/>
  </testcase> <!-- Auto_TC_016 -->
  <testcase name="Auto_TC_016" classname="testcases.app.trendnext.trendnext_testcases">
    <skipped/>
  </testcase> <!-- Auto_TC_016 -->
  <testcase name="Auto_TC_010" classname="testcases.app.trendnext.trendnext_testcases">
    <skipped/>
  </testcase> <!-- Auto_TC_010 -->
  <testcase name="Auto_TC_010" classname="testcases.app.trendnext.trendnext_testcases">
    <skipped/>
  </testcase> <!-- Auto_TC_010 -->
  <testcase name="Auto_TC_010" classname="testcases.app.trendnext.trendnext_testcases">
    <skipped/>
  </testcase> <!-- Auto_TC_010 -->
  <testcase name="Auto_TC_010" classname="testcases.app.trendnext.trendnext_testcases">
    <skipped/>
  </testcase> <!-- Auto_TC_010 -->
  <testcase name="Auto_TC_010" classname="testcases.app.trendnext.trendnext_testcases">
    <skipped/>
  </testcase> <!-- Auto_TC_010 -->
  <testcase name="Auto_TC_010" classname="testcases.app.trendnext.trendnext_testcases">
    <skipped/>
  </testcase> <!-- Auto_TC_010 -->
  <testcase name="Auto_TC_010" classname="testcases.app.trendnext.trendnext_testcases">
    <skipped/>
  </testcase> <!-- Auto_TC_010 -->
  <testcase name="Auto_TC_010" classname="testcases.app.trendnext.trendnext_testcases">
    <skipped/>
  </testcase> <!-- Auto_TC_010 -->
  <testcase name="Auto_TC_010" classname="testcases.app.trendnext.trendnext_testcases">
    <skipped/>
  </testcase> <!-- Auto_TC_010 -->
  <testcase name="Auto_TC_010" classname="testcases.app.trendnext.trendnext_testcases">
    <skipped/>
  </testcase> <!-- Auto_TC_010 -->
  <testcase name="Auto_TC_010" classname="testcases.app.trendnext.trendnext_testcases">
    <skipped/>
  </testcase> <!-- Auto_TC_010 -->
  <testcase name="Auto_TC_010" classname="testcases.app.trendnext.trendnext_testcases">
    <skipped/>
  </testcase> <!-- Auto_TC_010 -->
  <testcase name="Auto_TC_010" classname="testcases.app.trendnext.trendnext_testcases">
    <skipped/>
  </testcase> <!-- Auto_TC_010 -->
  <testcase name="Auto_TC_010" classname="testcases.app.trendnext.trendnext_testcases">
    <skipped/>
  </testcase> <!-- Auto_TC_010 -->
  <testcase name="Auto_TC_010" classname="testcases.app.trendnext.trendnext_testcases">
    <skipped/>
  </testcase> <!-- Auto_TC_010 -->
  <testcase name="Auto_TC_008" classname="testcases.app.trendnext.trendnext_testcases">
    <skipped/>
  </testcase> <!-- Auto_TC_008 -->
  <testcase name="Auto_TC_008" classname="testcases.app.trendnext.trendnext_testcases">
    <skipped/>
  </testcase> <!-- Auto_TC_008 -->
  <testcase name="Auto_TC_008" classname="testcases.app.trendnext.trendnext_testcases">
    <skipped/>
  </testcase> <!-- Auto_TC_008 -->
  <testcase name="Auto_TC_008" classname="testcases.app.trendnext.trendnext_testcases">
    <skipped/>
  </testcase> <!-- Auto_TC_008 -->
  <testcase name="Auto_TC_008" classname="testcases.app.trendnext.trendnext_testcases">
    <skipped/>
  </testcase> <!-- Auto_TC_008 -->
  <testcase name="Auto_TC_008" classname="testcases.app.trendnext.trendnext_testcases">
    <skipped/>
  </testcase> <!-- Auto_TC_008 -->
  <testcase name="Auto_TC_008" classname="testcases.app.trendnext.trendnext_testcases">
    <skipped/>
  </testcase> <!-- Auto_TC_008 -->
  <testcase name="Auto_TC_008" classname="testcases.app.trendnext.trendnext_testcases">
    <skipped/>
  </testcase> <!-- Auto_TC_008 -->
  <testcase name="Auto_TC_008" classname="testcases.app.trendnext.trendnext_testcases">
    <skipped/>
  </testcase> <!-- Auto_TC_008 -->
  <testcase name="Auto_TC_008" classname="testcases.app.trendnext.trendnext_testcases">
    <skipped/>
  </testcase> <!-- Auto_TC_008 -->
  <testcase name="Auto_TC_008" classname="testcases.app.trendnext.trendnext_testcases">
    <skipped/>
  </testcase> <!-- Auto_TC_008 -->
  <testcase name="Auto_TC_008" classname="testcases.app.trendnext.trendnext_testcases">
    <skipped/>
  </testcase> <!-- Auto_TC_008 -->
  <testcase name="Auto_TC_008" classname="testcases.app.trendnext.trendnext_testcases">
    <skipped/>
  </testcase> <!-- Auto_TC_008 -->
  <testcase name="Auto_TC_008" classname="testcases.app.trendnext.trendnext_testcases">
    <skipped/>
  </testcase> <!-- Auto_TC_008 -->
  <testcase name="Auto_TC_008" classname="testcases.app.trendnext.trendnext_testcases">
    <skipped/>
  </testcase> <!-- Auto_TC_008 -->
  <testcase name="Auto_TC_009" classname="testcases.app.trendnext.trendnext_testcases">
    <skipped/>
  </testcase> <!-- Auto_TC_009 -->
  <testcase name="Auto_TC_009" classname="testcases.app.trendnext.trendnext_testcases">
    <skipped/>
  </testcase> <!-- Auto_TC_009 -->
  <testcase name="Auto_TC_009" classname="testcases.app.trendnext.trendnext_testcases">
    <skipped/>
  </testcase> <!-- Auto_TC_009 -->
  <testcase name="Auto_TC_009" classname="testcases.app.trendnext.trendnext_testcases">
    <skipped/>
  </testcase> <!-- Auto_TC_009 -->
  <testcase name="Auto_TC_009" classname="testcases.app.trendnext.trendnext_testcases">
    <skipped/>
  </testcase> <!-- Auto_TC_009 -->
  <testcase name="Auto_TC_009" classname="testcases.app.trendnext.trendnext_testcases">
    <skipped/>
  </testcase> <!-- Auto_TC_009 -->
  <testcase name="Auto_TC_009" classname="testcases.app.trendnext.trendnext_testcases">
    <skipped/>
  </testcase> <!-- Auto_TC_009 -->
  <testcase name="Auto_TC_009" classname="testcases.app.trendnext.trendnext_testcases">
    <skipped/>
  </testcase> <!-- Auto_TC_009 -->
  <testcase name="Auto_TC_009" classname="testcases.app.trendnext.trendnext_testcases">
    <skipped/>
  </testcase> <!-- Auto_TC_009 -->
  <testcase name="Auto_TC_009" classname="testcases.app.trendnext.trendnext_testcases">
    <skipped/>
  </testcase> <!-- Auto_TC_009 -->
  <testcase name="Auto_TC_009" classname="testcases.app.trendnext.trendnext_testcases">
    <skipped/>
  </testcase> <!-- Auto_TC_009 -->
  <testcase name="Auto_TC_009" classname="testcases.app.trendnext.trendnext_testcases">
    <skipped/>
  </testcase> <!-- Auto_TC_009 -->
  <testcase name="Auto_TC_009" classname="testcases.app.trendnext.trendnext_testcases">
    <skipped/>
  </testcase> <!-- Auto_TC_009 -->
  <testcase name="Auto_TC_009" classname="testcases.app.trendnext.trendnext_testcases">
    <skipped/>
  </testcase> <!-- Auto_TC_009 -->
  <testcase name="Auto_TC_009" classname="testcases.app.trendnext.trendnext_testcases">
    <skipped/>
  </testcase> <!-- Auto_TC_009 -->
  <testcase name="Auto_TC_003" classname="testcases.app.trendnext.trendnext_testcases">
    <skipped/>
  </testcase> <!-- Auto_TC_003 -->
  <testcase name="Auto_TC_003" classname="testcases.app.trendnext.trendnext_testcases">
    <skipped/>
  </testcase> <!-- Auto_TC_003 -->
  <testcase name="Auto_TC_003" classname="testcases.app.trendnext.trendnext_testcases">
    <skipped/>
  </testcase> <!-- Auto_TC_003 -->
  <testcase name="Auto_TC_003" classname="testcases.app.trendnext.trendnext_testcases">
    <skipped/>
  </testcase> <!-- Auto_TC_003 -->
  <testcase name="Auto_TC_003" classname="testcases.app.trendnext.trendnext_testcases">
    <skipped/>
  </testcase> <!-- Auto_TC_003 -->
  <testcase name="Auto_TC_003" classname="testcases.app.trendnext.trendnext_testcases">
    <skipped/>
  </testcase> <!-- Auto_TC_003 -->
  <testcase name="Auto_TC_003" classname="testcases.app.trendnext.trendnext_testcases">
    <skipped/>
  </testcase> <!-- Auto_TC_003 -->
  <testcase name="Auto_TC_003" classname="testcases.app.trendnext.trendnext_testcases">
    <skipped/>
  </testcase> <!-- Auto_TC_003 -->
  <testcase name="Auto_TC_003" classname="testcases.app.trendnext.trendnext_testcases">
    <skipped/>
  </testcase> <!-- Auto_TC_003 -->
  <testcase name="Auto_TC_003" classname="testcases.app.trendnext.trendnext_testcases">
    <skipped/>
  </testcase> <!-- Auto_TC_003 -->
  <testcase name="Auto_TC_003" classname="testcases.app.trendnext.trendnext_testcases">
    <skipped/>
  </testcase> <!-- Auto_TC_003 -->
  <testcase name="Auto_TC_003" classname="testcases.app.trendnext.trendnext_testcases">
    <skipped/>
  </testcase> <!-- Auto_TC_003 -->
  <testcase name="Auto_TC_003" classname="testcases.app.trendnext.trendnext_testcases">
    <skipped/>
  </testcase> <!-- Auto_TC_003 -->
  <testcase name="Auto_TC_003" classname="testcases.app.trendnext.trendnext_testcases">
    <skipped/>
  </testcase> <!-- Auto_TC_003 -->
  <testcase name="Auto_TC_003" classname="testcases.app.trendnext.trendnext_testcases">
    <skipped/>
  </testcase> <!-- Auto_TC_003 -->
  <testcase name="Auto_TC_002" classname="testcases.app.trendnext.trendnext_testcases">
    <skipped/>
  </testcase> <!-- Auto_TC_002 -->
  <testcase name="Auto_TC_002" classname="testcases.app.trendnext.trendnext_testcases">
    <skipped/>
  </testcase> <!-- Auto_TC_002 -->
  <testcase name="Auto_TC_002" classname="testcases.app.trendnext.trendnext_testcases">
    <skipped/>
  </testcase> <!-- Auto_TC_002 -->
  <testcase name="Auto_TC_002" classname="testcases.app.trendnext.trendnext_testcases">
    <skipped/>
  </testcase> <!-- Auto_TC_002 -->
  <testcase name="Auto_TC_002" classname="testcases.app.trendnext.trendnext_testcases">
    <skipped/>
  </testcase> <!-- Auto_TC_002 -->
  <testcase name="Auto_TC_002" classname="testcases.app.trendnext.trendnext_testcases">
    <skipped/>
  </testcase> <!-- Auto_TC_002 -->
  <testcase name="Auto_TC_002" classname="testcases.app.trendnext.trendnext_testcases">
    <skipped/>
  </testcase> <!-- Auto_TC_002 -->
  <testcase name="Auto_TC_002" classname="testcases.app.trendnext.trendnext_testcases">
    <skipped/>
  </testcase> <!-- Auto_TC_002 -->
  <testcase name="Auto_TC_002" classname="testcases.app.trendnext.trendnext_testcases">
    <skipped/>
  </testcase> <!-- Auto_TC_002 -->
  <testcase name="Auto_TC_002" classname="testcases.app.trendnext.trendnext_testcases">
    <skipped/>
  </testcase> <!-- Auto_TC_002 -->
  <testcase name="Auto_TC_002" classname="testcases.app.trendnext.trendnext_testcases">
    <skipped/>
  </testcase> <!-- Auto_TC_002 -->
  <testcase name="Auto_TC_002" classname="testcases.app.trendnext.trendnext_testcases">
    <skipped/>
  </testcase> <!-- Auto_TC_002 -->
  <testcase name="Auto_TC_002" classname="testcases.app.trendnext.trendnext_testcases">
    <skipped/>
  </testcase> <!-- Auto_TC_002 -->
  <testcase name="Auto_TC_002" classname="testcases.app.trendnext.trendnext_testcases">
    <skipped/>
  </testcase> <!-- Auto_TC_002 -->
  <testcase name="Auto_TC_002" classname="testcases.app.trendnext.trendnext_testcases">
    <skipped/>
  </testcase> <!-- Auto_TC_002 -->
  <testcase name="Auto_TC_007" classname="testcases.app.trendnext.trendnext_testcases">
    <skipped/>
  </testcase> <!-- Auto_TC_007 -->
  <testcase name="Auto_TC_007" classname="testcases.app.trendnext.trendnext_testcases">
    <skipped/>
  </testcase> <!-- Auto_TC_007 -->
  <testcase name="Auto_TC_007" classname="testcases.app.trendnext.trendnext_testcases">
    <skipped/>
  </testcase> <!-- Auto_TC_007 -->
  <testcase name="Auto_TC_007" classname="testcases.app.trendnext.trendnext_testcases">
    <skipped/>
  </testcase> <!-- Auto_TC_007 -->
  <testcase name="Auto_TC_007" classname="testcases.app.trendnext.trendnext_testcases">
    <skipped/>
  </testcase> <!-- Auto_TC_007 -->
  <testcase name="Auto_TC_007" classname="testcases.app.trendnext.trendnext_testcases">
    <skipped/>
  </testcase> <!-- Auto_TC_007 -->
  <testcase name="Auto_TC_007" classname="testcases.app.trendnext.trendnext_testcases">
    <skipped/>
  </testcase> <!-- Auto_TC_007 -->
  <testcase name="Auto_TC_007" classname="testcases.app.trendnext.trendnext_testcases">
    <skipped/>
  </testcase> <!-- Auto_TC_007 -->
  <testcase name="Auto_TC_007" classname="testcases.app.trendnext.trendnext_testcases">
    <skipped/>
  </testcase> <!-- Auto_TC_007 -->
  <testcase name="Auto_TC_007" classname="testcases.app.trendnext.trendnext_testcases">
    <skipped/>
  </testcase> <!-- Auto_TC_007 -->
  <testcase name="Auto_TC_007" classname="testcases.app.trendnext.trendnext_testcases">
    <skipped/>
  </testcase> <!-- Auto_TC_007 -->
  <testcase name="Auto_TC_007" classname="testcases.app.trendnext.trendnext_testcases">
    <skipped/>
  </testcase> <!-- Auto_TC_007 -->
  <testcase name="Auto_TC_007" classname="testcases.app.trendnext.trendnext_testcases">
    <skipped/>
  </testcase> <!-- Auto_TC_007 -->
  <testcase name="Auto_TC_007" classname="testcases.app.trendnext.trendnext_testcases">
    <skipped/>
  </testcase> <!-- Auto_TC_007 -->
  <testcase name="Auto_TC_007" classname="testcases.app.trendnext.trendnext_testcases">
    <skipped/>
  </testcase> <!-- Auto_TC_007 -->
  <testcase name="Auto_TC_004" classname="testcases.app.trendnext.trendnext_testcases">
    <skipped/>
  </testcase> <!-- Auto_TC_004 -->
  <testcase name="Auto_TC_004" classname="testcases.app.trendnext.trendnext_testcases">
    <skipped/>
  </testcase> <!-- Auto_TC_004 -->
  <testcase name="Auto_TC_004" classname="testcases.app.trendnext.trendnext_testcases">
    <skipped/>
  </testcase> <!-- Auto_TC_004 -->
  <testcase name="Auto_TC_004" classname="testcases.app.trendnext.trendnext_testcases">
    <skipped/>
  </testcase> <!-- Auto_TC_004 -->
  <testcase name="Auto_TC_004" classname="testcases.app.trendnext.trendnext_testcases">
    <skipped/>
  </testcase> <!-- Auto_TC_004 -->
  <testcase name="Auto_TC_004" classname="testcases.app.trendnext.trendnext_testcases">
    <skipped/>
  </testcase> <!-- Auto_TC_004 -->
  <testcase name="Auto_TC_004" classname="testcases.app.trendnext.trendnext_testcases">
    <skipped/>
  </testcase> <!-- Auto_TC_004 -->
  <testcase name="Auto_TC_004" classname="testcases.app.trendnext.trendnext_testcases">
    <skipped/>
  </testcase> <!-- Auto_TC_004 -->
  <testcase name="Auto_TC_004" classname="testcases.app.trendnext.trendnext_testcases">
    <skipped/>
  </testcase> <!-- Auto_TC_004 -->
  <testcase name="Auto_TC_004" classname="testcases.app.trendnext.trendnext_testcases">
    <skipped/>
  </testcase> <!-- Auto_TC_004 -->
  <testcase name="Auto_TC_004" classname="testcases.app.trendnext.trendnext_testcases">
    <skipped/>
  </testcase> <!-- Auto_TC_004 -->
  <testcase name="Auto_TC_004" classname="testcases.app.trendnext.trendnext_testcases">
    <skipped/>
  </testcase> <!-- Auto_TC_004 -->
  <testcase name="Auto_TC_004" classname="testcases.app.trendnext.trendnext_testcases">
    <skipped/>
  </testcase> <!-- Auto_TC_004 -->
  <testcase name="Auto_TC_004" classname="testcases.app.trendnext.trendnext_testcases">
    <skipped/>
  </testcase> <!-- Auto_TC_004 -->
  <testcase name="Auto_TC_004" classname="testcases.app.trendnext.trendnext_testcases">
    <skipped/>
  </testcase> <!-- Auto_TC_004 -->
  <testcase name="Auto_TC_001" classname="testcases.app.trendnext.trendnext_testcases">
    <skipped/>
  </testcase> <!-- Auto_TC_001 -->
  <testcase name="Auto_TC_001" classname="testcases.app.trendnext.trendnext_testcases">
    <skipped/>
  </testcase> <!-- Auto_TC_001 -->
  <testcase name="Auto_TC_001" classname="testcases.app.trendnext.trendnext_testcases">
    <skipped/>
  </testcase> <!-- Auto_TC_001 -->
  <testcase name="Auto_TC_001" classname="testcases.app.trendnext.trendnext_testcases">
    <skipped/>
  </testcase> <!-- Auto_TC_001 -->
  <testcase name="Auto_TC_001" classname="testcases.app.trendnext.trendnext_testcases">
    <skipped/>
  </testcase> <!-- Auto_TC_001 -->
  <testcase name="Auto_TC_001" classname="testcases.app.trendnext.trendnext_testcases">
    <skipped/>
  </testcase> <!-- Auto_TC_001 -->
  <testcase name="Auto_TC_001" classname="testcases.app.trendnext.trendnext_testcases">
    <skipped/>
  </testcase> <!-- Auto_TC_001 -->
  <testcase name="Auto_TC_001" classname="testcases.app.trendnext.trendnext_testcases">
    <skipped/>
  </testcase> <!-- Auto_TC_001 -->
  <testcase name="Auto_TC_001" classname="testcases.app.trendnext.trendnext_testcases">
    <skipped/>
  </testcase> <!-- Auto_TC_001 -->
  <testcase name="Auto_TC_001" classname="testcases.app.trendnext.trendnext_testcases">
    <skipped/>
  </testcase> <!-- Auto_TC_001 -->
  <testcase name="Auto_TC_001" classname="testcases.app.trendnext.trendnext_testcases">
    <skipped/>
  </testcase> <!-- Auto_TC_001 -->
  <testcase name="Auto_TC_001" classname="testcases.app.trendnext.trendnext_testcases">
    <skipped/>
  </testcase> <!-- Auto_TC_001 -->
  <testcase name="Auto_TC_001" classname="testcases.app.trendnext.trendnext_testcases">
    <skipped/>
  </testcase> <!-- Auto_TC_001 -->
  <testcase name="Auto_TC_001" classname="testcases.app.trendnext.trendnext_testcases">
    <skipped/>
  </testcase> <!-- Auto_TC_001 -->
  <testcase name="Auto_TC_001" classname="testcases.app.trendnext.trendnext_testcases">
    <skipped/>
  </testcase> <!-- Auto_TC_001 -->
  <testcase name="Auto_TC_006" classname="testcases.app.trendnext.trendnext_testcases">
    <skipped/>
  </testcase> <!-- Auto_TC_006 -->
  <testcase name="Auto_TC_006" classname="testcases.app.trendnext.trendnext_testcases">
    <skipped/>
  </testcase> <!-- Auto_TC_006 -->
  <testcase name="Auto_TC_006" classname="testcases.app.trendnext.trendnext_testcases">
    <skipped/>
  </testcase> <!-- Auto_TC_006 -->
  <testcase name="Auto_TC_006" classname="testcases.app.trendnext.trendnext_testcases">
    <skipped/>
  </testcase> <!-- Auto_TC_006 -->
  <testcase name="Auto_TC_006" classname="testcases.app.trendnext.trendnext_testcases">
    <skipped/>
  </testcase> <!-- Auto_TC_006 -->
  <testcase name="Auto_TC_006" classname="testcases.app.trendnext.trendnext_testcases">
    <skipped/>
  </testcase> <!-- Auto_TC_006 -->
  <testcase name="Auto_TC_006" classname="testcases.app.trendnext.trendnext_testcases">
    <skipped/>
  </testcase> <!-- Auto_TC_006 -->
  <testcase name="Auto_TC_006" classname="testcases.app.trendnext.trendnext_testcases">
    <skipped/>
  </testcase> <!-- Auto_TC_006 -->
  <testcase name="Auto_TC_006" classname="testcases.app.trendnext.trendnext_testcases">
    <skipped/>
  </testcase> <!-- Auto_TC_006 -->
  <testcase name="Auto_TC_006" classname="testcases.app.trendnext.trendnext_testcases">
    <skipped/>
  </testcase> <!-- Auto_TC_006 -->
  <testcase name="Auto_TC_006" classname="testcases.app.trendnext.trendnext_testcases">
    <skipped/>
  </testcase> <!-- Auto_TC_006 -->
  <testcase name="Auto_TC_006" classname="testcases.app.trendnext.trendnext_testcases">
    <skipped/>
  </testcase> <!-- Auto_TC_006 -->
  <testcase name="Auto_TC_006" classname="testcases.app.trendnext.trendnext_testcases">
    <skipped/>
  </testcase> <!-- Auto_TC_006 -->
  <testcase name="Auto_TC_006" classname="testcases.app.trendnext.trendnext_testcases">
    <skipped/>
  </testcase> <!-- Auto_TC_006 -->
  <testcase name="Auto_TC_006" classname="testcases.app.trendnext.trendnext_testcases">
    <skipped/>
  </testcase> <!-- Auto_TC_006 -->
  <testcase name="Auto_TC_005" classname="testcases.app.trendnext.trendnext_testcases">
    <skipped/>
  </testcase> <!-- Auto_TC_005 -->
  <testcase name="Auto_TC_005" classname="testcases.app.trendnext.trendnext_testcases">
    <skipped/>
  </testcase> <!-- Auto_TC_005 -->
  <testcase name="Auto_TC_005" classname="testcases.app.trendnext.trendnext_testcases">
    <skipped/>
  </testcase> <!-- Auto_TC_005 -->
  <testcase name="Auto_TC_005" classname="testcases.app.trendnext.trendnext_testcases">
    <skipped/>
  </testcase> <!-- Auto_TC_005 -->
  <testcase name="Auto_TC_005" classname="testcases.app.trendnext.trendnext_testcases">
    <skipped/>
  </testcase> <!-- Auto_TC_005 -->
  <testcase name="Auto_TC_005" classname="testcases.app.trendnext.trendnext_testcases">
    <skipped/>
  </testcase> <!-- Auto_TC_005 -->
  <testcase name="Auto_TC_005" classname="testcases.app.trendnext.trendnext_testcases">
    <skipped/>
  </testcase> <!-- Auto_TC_005 -->
  <testcase name="Auto_TC_005" classname="testcases.app.trendnext.trendnext_testcases">
    <skipped/>
  </testcase> <!-- Auto_TC_005 -->
  <testcase name="Auto_TC_005" classname="testcases.app.trendnext.trendnext_testcases">
    <skipped/>
  </testcase> <!-- Auto_TC_005 -->
  <testcase name="Auto_TC_005" classname="testcases.app.trendnext.trendnext_testcases">
    <skipped/>
  </testcase> <!-- Auto_TC_005 -->
  <testcase name="Auto_TC_005" classname="testcases.app.trendnext.trendnext_testcases">
    <skipped/>
  </testcase> <!-- Auto_TC_005 -->
  <testcase name="Auto_TC_005" classname="testcases.app.trendnext.trendnext_testcases">
    <skipped/>
  </testcase> <!-- Auto_TC_005 -->
  <testcase name="Auto_TC_005" classname="testcases.app.trendnext.trendnext_testcases">
    <skipped/>
  </testcase> <!-- Auto_TC_005 -->
  <testcase name="Auto_TC_005" classname="testcases.app.trendnext.trendnext_testcases">
    <skipped/>
  </testcase> <!-- Auto_TC_005 -->
  <testcase name="Auto_TC_005" classname="testcases.app.trendnext.trendnext_testcases">
    <skipped/>
  </testcase> <!-- Auto_TC_005 -->
</testsuite> <!-- testcases.app.trendnext.trendnext_testcases -->
