<?xml version="1.0" encoding="UTF-8"?>
<!-- Generated by org.testng.reporters.JUnitReportReporter -->
<testsuite name="testcases.app.imarketscape.imarketscape_testcases" tests="3" time="98.430" ignored="16" failures="0" timestamp="28 Sep 2017 12:47:24 GMT" skipped="0" hostname="D-441006785" errors="1">
  <testcase name="Auto_TC_016" time="42.564" classname="testcases.app.imarketscape.imarketscape_testcases"/>
  <testcase name="Auto_TC_017" time="0.357" classname="testcases.app.imarketscape.imarketscape_testcases">
    <error type="org.testng.internal.reflect.MethodMatcherException" message="
Data provider mismatch
Method: Auto_TC_017([Parameter{index=0, type=int, declaredAnnotations=[]}, Parameter{index=1, type=java.lang.Object, declaredAnnotations=[]}])
Arguments: []">
      <![CDATA[org.testng.internal.reflect.MethodMatcherException: 
Data provider mismatch
Method: Auto_TC_017([Parameter{index=0, type=int, declaredAnnotations=[]}, Parameter{index=1, type=java.lang.Object, declaredAnnotations=[]}])
Arguments: []
	at org.testng.internal.reflect.DataProviderMethodMatcher.getConformingArguments(DataProviderMethodMatcher.java:52)
	at org.testng.internal.Invoker.injectParameters(Invoker.java:1278)
	at org.testng.internal.Invoker.invokeTestMethods(Invoker.java:1171)
	at org.testng.internal.TestMethodWorker.invokeTestMethods(TestMethodWorker.java:129)
	at org.testng.internal.TestMethodWorker.run(TestMethodWorker.java:112)
	at org.testng.TestRunner.privateRun(TestRunner.java:756)
	at org.testng.TestRunner.run(TestRunner.java:610)
	at org.testng.SuiteRunner.runTest(SuiteRunner.java:387)
	at org.testng.SuiteRunner.runSequentially(SuiteRunner.java:382)
	at org.testng.SuiteRunner.privateRun(SuiteRunner.java:340)
	at org.testng.SuiteRunner.run(SuiteRunner.java:289)
	at org.testng.SuiteRunnerWorker.runSuite(SuiteRunnerWorker.java:52)
	at org.testng.SuiteRunnerWorker.run(SuiteRunnerWorker.java:86)
	at org.testng.TestNG.runSuitesSequentially(TestNG.java:1293)
	at org.testng.TestNG.runSuitesLocally(TestNG.java:1218)
	at org.testng.TestNG.runSuites(TestNG.java:1133)
	at org.testng.TestNG.run(TestNG.java:1104)
	at org.testng.remote.AbstractRemoteTestNG.run(AbstractRemoteTestNG.java:132)
	at org.testng.remote.RemoteTestNG.initAndRun(RemoteTestNG.java:230)
	at org.testng.remote.RemoteTestNG.main(RemoteTestNG.java:76)
]]>
    </error>
  </testcase> <!-- Auto_TC_017 -->
  <testcase name="Auto_TC_016" time="55.509" classname="testcases.app.imarketscape.imarketscape_testcases"/>
  <testcase name="Auto_TC_009" classname="testcases.app.imarketscape.imarketscape_testcases">
    <skipped/>
  </testcase> <!-- Auto_TC_009 -->
  <testcase name="Auto_TC_009" classname="testcases.app.imarketscape.imarketscape_testcases">
    <skipped/>
  </testcase> <!-- Auto_TC_009 -->
  <testcase name="Auto_TC_010" classname="testcases.app.imarketscape.imarketscape_testcases">
    <skipped/>
  </testcase> <!-- Auto_TC_010 -->
  <testcase name="Auto_TC_010" classname="testcases.app.imarketscape.imarketscape_testcases">
    <skipped/>
  </testcase> <!-- Auto_TC_010 -->
  <testcase name="Auto_TC_007" classname="testcases.app.imarketscape.imarketscape_testcases">
    <skipped/>
  </testcase> <!-- Auto_TC_007 -->
  <testcase name="Auto_TC_007" classname="testcases.app.imarketscape.imarketscape_testcases">
    <skipped/>
  </testcase> <!-- Auto_TC_007 -->
  <testcase name="Auto_TC_006" classname="testcases.app.imarketscape.imarketscape_testcases">
    <skipped/>
  </testcase> <!-- Auto_TC_006 -->
  <testcase name="Auto_TC_017" classname="testcases.app.imarketscape.imarketscape_testcases">
    <skipped/>
  </testcase> <!-- Auto_TC_017 -->
  <testcase name="Auto_TC_006" classname="testcases.app.imarketscape.imarketscape_testcases">
    <skipped/>
  </testcase> <!-- Auto_TC_006 -->
  <testcase name="Auto_TC_002" classname="testcases.app.imarketscape.imarketscape_testcases">
    <skipped/>
  </testcase> <!-- Auto_TC_002 -->
  <testcase name="Auto_TC_002" classname="testcases.app.imarketscape.imarketscape_testcases">
    <skipped/>
  </testcase> <!-- Auto_TC_002 -->
  <testcase name="Auto_TC_016" classname="testcases.app.imarketscape.imarketscape_testcases">
    <skipped/>
  </testcase> <!-- Auto_TC_016 -->
  <testcase name="Auto_TC_001" classname="testcases.app.imarketscape.imarketscape_testcases">
    <skipped/>
  </testcase> <!-- Auto_TC_001 -->
  <testcase name="Auto_TC_001" classname="testcases.app.imarketscape.imarketscape_testcases">
    <skipped/>
  </testcase> <!-- Auto_TC_001 -->
  <testcase name="Auto_TC_008" classname="testcases.app.imarketscape.imarketscape_testcases">
    <skipped/>
  </testcase> <!-- Auto_TC_008 -->
  <testcase name="Auto_TC_008" classname="testcases.app.imarketscape.imarketscape_testcases">
    <skipped/>
  </testcase> <!-- Auto_TC_008 -->
</testsuite> <!-- testcases.app.imarketscape.imarketscape_testcases -->
