<?xml version="1.0" encoding="UTF-8"?>
<!-- Generated by org.testng.reporters.JUnitReportReporter -->
<testsuite name="testcases.app.topcoder.topcoder_testcases" tests="1" time="83.129" ignored="0" failures="0" timestamp="09 Oct 2017 06:53:18 GMT" skipped="0" hostname="D-441006776" errors="0">
  <testcase name="Auto_TC_001" time="83.129" classname="testcases.app.topcoder.topcoder_testcases"/>
</testsuite> <!-- testcases.app.topcoder.topcoder_testcases -->
